<?xml version="1.0" encoding="UTF-8"?>
<coverage generated="1557777990605" clover="3.2.0">
  <project timestamp="1557777990605" name="All files">
    <metrics statements="160" coveredstatements="152" conditionals="63" coveredconditionals="46" methods="47" coveredmethods="45" elements="270" coveredelements="243" complexity="0" loc="160" ncloc="160" packages="9" files="14" classes="14">
      <package name="controllers.Form">
        <metrics statements="43" coveredstatements="40" conditionals="17" coveredconditionals="12" methods="13" coveredmethods="12"/>
        <file name="Form.js" path="/Users/celso.silva/Projects/pure-js-mvc/src/controllers/Form/Form.js">
          <metrics statements="43" coveredstatements="40" conditionals="17" coveredconditionals="12" methods="13" coveredmethods="12"/>
          <line num="6" count="3" type="stmt"/>
          <line num="7" count="3" type="stmt"/>
          <line num="8" count="3" type="stmt"/>
          <line num="9" count="3" type="stmt"/>
          <line num="10" count="3" type="stmt"/>
          <line num="12" count="3" type="cond" truecount="1" falsecount="1"/>
          <line num="13" count="0" type="stmt"/>
          <line num="16" count="3" type="stmt"/>
          <line num="20" count="3" type="stmt"/>
          <line num="21" count="3" type="stmt"/>
          <line num="25" count="1" type="stmt"/>
          <line num="26" count="1" type="stmt"/>
          <line num="28" count="1" type="cond" truecount="1" falsecount="1"/>
          <line num="29" count="1" type="stmt"/>
          <line num="30" count="1" type="stmt"/>
          <line num="32" count="1" type="stmt"/>
          <line num="33" count="4" type="stmt"/>
          <line num="34" count="4" type="stmt"/>
          <line num="37" count="4" type="cond" truecount="2" falsecount="0"/>
          <line num="38" count="1" type="stmt"/>
          <line num="40" count="1" type="cond" truecount="1" falsecount="1"/>
          <line num="41" count="0" type="stmt"/>
          <line num="43" count="1" type="stmt"/>
          <line num="48" count="1" type="stmt"/>
          <line num="53" count="2" type="stmt"/>
          <line num="54" count="2" type="cond" truecount="1" falsecount="1"/>
          <line num="58" count="2" type="stmt"/>
          <line num="62" count="4" type="cond" truecount="2" falsecount="0"/>
          <line num="63" count="2" type="stmt"/>
          <line num="65" count="2" type="stmt"/>
          <line num="70" count="2" type="stmt"/>
          <line num="72" count="2" type="stmt"/>
          <line num="73" count="2" type="stmt"/>
          <line num="75" count="2" type="stmt"/>
          <line num="76" count="2" type="stmt"/>
          <line num="77" count="1" type="cond" truecount="1" falsecount="1"/>
          <line num="81" count="1" type="stmt"/>
          <line num="84" count="2" type="cond" truecount="2" falsecount="0"/>
          <line num="85" count="4" type="stmt"/>
          <line num="86" count="1" type="stmt"/>
          <line num="88" count="1" type="stmt"/>
          <line num="91" count="2" type="stmt"/>
          <line num="92" count="0" type="stmt"/>
        </file>
      </package>
      <package name="controllers.List">
        <metrics statements="27" coveredstatements="27" conditionals="4" coveredconditionals="3" methods="10" coveredmethods="10"/>
        <file name="List.js" path="/Users/celso.silva/Projects/pure-js-mvc/src/controllers/List/List.js">
          <metrics statements="27" coveredstatements="27" conditionals="4" coveredconditionals="3" methods="10" coveredmethods="10"/>
          <line num="5" count="3" type="stmt"/>
          <line num="6" count="3" type="stmt"/>
          <line num="8" count="3" type="stmt"/>
          <line num="12" count="9" type="stmt"/>
          <line num="13" count="9" type="stmt"/>
          <line num="15" count="9" type="cond" truecount="2" falsecount="0"/>
          <line num="16" count="6" type="stmt"/>
          <line num="17" count="18" type="cond" truecount="1" falsecount="1"/>
          <line num="18" count="18" type="stmt"/>
          <line num="23" count="9" type="stmt"/>
          <line num="24" count="27" type="stmt"/>
          <line num="25" count="27" type="stmt"/>
          <line num="27" count="27" type="stmt"/>
          <line num="31" count="27" type="stmt"/>
          <line num="35" count="27" type="stmt"/>
          <line num="36" count="108" type="stmt"/>
          <line num="37" count="270" type="stmt"/>
          <line num="41" count="27" type="stmt"/>
          <line num="44" count="9" type="stmt"/>
          <line num="48" count="9" type="stmt"/>
          <line num="49" count="27" type="stmt"/>
          <line num="54" count="1" type="stmt"/>
          <line num="56" count="1" type="stmt"/>
          <line num="57" count="1" type="stmt"/>
          <line num="58" count="3" type="stmt"/>
          <line num="60" count="1" type="stmt"/>
          <line num="62" count="1" type="stmt"/>
        </file>
      </package>
      <package name="helpers">
        <metrics statements="2" coveredstatements="2" conditionals="0" coveredconditionals="0" methods="2" coveredmethods="2"/>
        <file name="fetchMock.js" path="/Users/celso.silva/Projects/pure-js-mvc/src/helpers/fetchMock.js">
          <metrics statements="2" coveredstatements="2" conditionals="0" coveredconditionals="0" methods="2" coveredmethods="2"/>
          <line num="1" count="9" type="stmt"/>
          <line num="2" count="9" type="stmt"/>
        </file>
        <file name="index.js" path="/Users/celso.silva/Projects/pure-js-mvc/src/helpers/index.js">
          <metrics statements="0" coveredstatements="0" conditionals="0" coveredconditionals="0" methods="0" coveredmethods="0"/>
        </file>
      </package>
      <package name="models">
        <metrics statements="0" coveredstatements="0" conditionals="0" coveredconditionals="0" methods="0" coveredmethods="0"/>
        <file name="index.js" path="/Users/celso.silva/Projects/pure-js-mvc/src/models/index.js">
          <metrics statements="0" coveredstatements="0" conditionals="0" coveredconditionals="0" methods="0" coveredmethods="0"/>
        </file>
      </package>
      <package name="models.Users">
        <metrics statements="14" coveredstatements="14" conditionals="2" coveredconditionals="2" methods="5" coveredmethods="5"/>
        <file name="Users.js" path="/Users/celso.silva/Projects/pure-js-mvc/src/models/Users/Users.js">
          <metrics statements="14" coveredstatements="14" conditionals="2" coveredconditionals="2" methods="5" coveredmethods="5"/>
          <line num="3" count="16" type="stmt"/>
          <line num="7" count="16" type="stmt"/>
          <line num="9" count="16" type="cond" truecount="2" falsecount="0"/>
          <line num="10" count="9" type="stmt"/>
          <line num="14" count="9" type="stmt"/>
          <line num="16" count="9" type="stmt"/>
          <line num="18" count="9" type="stmt"/>
          <line num="20" count="7" type="stmt"/>
          <line num="22" count="7" type="stmt"/>
          <line num="27" count="16" type="stmt"/>
          <line num="33" count="19" type="stmt"/>
          <line num="37" count="10" type="stmt"/>
          <line num="39" count="10" type="stmt"/>
          <line num="41" count="10" type="stmt"/>
        </file>
        <file name="index.js" path="/Users/celso.silva/Projects/pure-js-mvc/src/models/Users/index.js">
          <metrics statements="0" coveredstatements="0" conditionals="0" coveredconditionals="0" methods="0" coveredmethods="0"/>
        </file>
      </package>
      <package name="utils">
        <metrics statements="0" coveredstatements="0" conditionals="0" coveredconditionals="0" methods="0" coveredmethods="0"/>
        <file name="index.js" path="/Users/celso.silva/Projects/pure-js-mvc/src/utils/index.js">
          <metrics statements="0" coveredstatements="0" conditionals="0" coveredconditionals="0" methods="0" coveredmethods="0"/>
        </file>
      </package>
      <package name="utils.NumericMask">
        <metrics statements="20" coveredstatements="19" conditionals="9" coveredconditionals="8" methods="5" coveredmethods="5"/>
        <file name="NumericMask.js" path="/Users/celso.silva/Projects/pure-js-mvc/src/utils/NumericMask/NumericMask.js">
          <metrics statements="20" coveredstatements="19" conditionals="9" coveredconditionals="8" methods="5" coveredmethods="5"/>
          <line num="3" count="6" type="stmt"/>
          <line num="4" count="6" type="stmt"/>
          <line num="8" count="6" type="stmt"/>
          <line num="9" count="3" type="stmt"/>
          <line num="10" count="3" type="stmt"/>
          <line num="15" count="4" type="stmt"/>
          <line num="16" count="4" type="stmt"/>
          <line num="18" count="4" type="cond" truecount="4" falsecount="0"/>
          <line num="19" count="2" type="stmt"/>
          <line num="24" count="4" type="stmt"/>
          <line num="25" count="4" type="stmt"/>
          <line num="26" count="4" type="stmt"/>
          <line num="28" count="4" type="stmt"/>
          <line num="29" count="42" type="cond" truecount="1" falsecount="1"/>
          <line num="30" count="0" type="stmt"/>
          <line num="33" count="42" type="cond" truecount="2" falsecount="0"/>
          <line num="34" count="8" type="stmt"/>
          <line num="36" count="34" type="stmt"/>
          <line num="37" count="34" type="stmt"/>
          <line num="41" count="4" type="stmt"/>
        </file>
        <file name="index.js" path="/Users/celso.silva/Projects/pure-js-mvc/src/utils/NumericMask/index.js">
          <metrics statements="0" coveredstatements="0" conditionals="0" coveredconditionals="0" methods="0" coveredmethods="0"/>
        </file>
      </package>
      <package name="utils.Router">
        <metrics statements="23" coveredstatements="23" conditionals="13" coveredconditionals="8" methods="6" coveredmethods="6"/>
        <file name="Router.js" path="/Users/celso.silva/Projects/pure-js-mvc/src/utils/Router/Router.js">
          <metrics statements="23" coveredstatements="23" conditionals="13" coveredconditionals="8" methods="6" coveredmethods="6"/>
          <line num="3" count="3" type="stmt"/>
          <line num="4" count="3" type="stmt"/>
          <line num="8" count="3" type="stmt"/>
          <line num="9" count="3" type="stmt"/>
          <line num="13" count="3" type="cond" truecount="1" falsecount="1"/>
          <line num="14" count="3" type="stmt"/>
          <line num="15" count="3" type="stmt"/>
          <line num="16" count="5" type="stmt"/>
          <line num="17" count="3" type="stmt"/>
          <line num="18" count="3" type="cond" truecount="1" falsecount="1"/>
          <line num="21" count="3" type="cond" truecount="1" falsecount="1"/>
          <line num="22" count="3" type="stmt"/>
          <line num="24" count="3" type="cond" truecount="1" falsecount="1"/>
          <line num="25" count="3" type="stmt"/>
          <line num="26" count="3" type="stmt"/>
          <line num="28" count="3" type="cond" truecount="2" falsecount="0"/>
          <line num="29" count="1" type="stmt"/>
          <line num="32" count="3" type="cond" truecount="2" falsecount="0"/>
          <line num="33" count="2" type="stmt"/>
          <line num="34" count="2" type="stmt"/>
          <line num="36" count="2" type="stmt"/>
          <line num="38" count="2" type="stmt"/>
          <line num="39" count="2" type="stmt"/>
        </file>
        <file name="index.js" path="/Users/celso.silva/Projects/pure-js-mvc/src/utils/Router/index.js">
          <metrics statements="0" coveredstatements="0" conditionals="0" coveredconditionals="0" methods="0" coveredmethods="0"/>
        </file>
      </package>
      <package name="utils.Validate">
        <metrics statements="31" coveredstatements="27" conditionals="18" coveredconditionals="13" methods="6" coveredmethods="5"/>
        <file name="Validate.js" path="/Users/celso.silva/Projects/pure-js-mvc/src/utils/Validate/Validate.js">
          <metrics statements="31" coveredstatements="27" conditionals="18" coveredconditionals="13" methods="6" coveredmethods="5"/>
          <line num="3" count="7" type="stmt"/>
          <line num="4" count="7" type="stmt"/>
          <line num="8" count="7" type="stmt"/>
          <line num="9" count="6" type="stmt"/>
          <line num="10" count="6" type="stmt"/>
          <line num="11" count="6" type="stmt"/>
          <line num="12" count="0" type="stmt"/>
          <line num="18" count="4" type="stmt"/>
          <line num="19" count="4" type="stmt"/>
          <line num="21" count="4" type="cond" truecount="2" falsecount="0"/>
          <line num="22" count="1" type="cond" truecount="1" falsecount="1"/>
          <line num="23" count="0" type="stmt"/>
          <line num="26" count="1" type="stmt"/>
          <line num="27" count="3" type="cond" truecount="1" falsecount="1"/>
          <line num="28" count="3" type="stmt"/>
          <line num="30" count="3" type="cond" truecount="2" falsecount="0"/>
          <line num="31" count="2" type="cond" truecount="1" falsecount="1"/>
          <line num="32" count="0" type="stmt"/>
          <line num="34" count="2" type="stmt"/>
          <line num="36" count="2" type="stmt"/>
          <line num="37" count="2" type="stmt"/>
          <line num="39" count="2" type="stmt"/>
          <line num="43" count="3" type="stmt"/>
          <line num="46" count="4" type="stmt"/>
          <line num="50" count="3" type="cond" truecount="1" falsecount="1"/>
          <line num="51" count="0" type="stmt"/>
          <line num="53" count="3" type="stmt"/>
          <line num="54" count="13" type="stmt"/>
          <line num="56" count="13" type="cond" truecount="4" falsecount="0"/>
          <line num="57" count="2" type="stmt"/>
          <line num="61" count="1" type="stmt"/>
        </file>
        <file name="index.js" path="/Users/celso.silva/Projects/pure-js-mvc/src/utils/Validate/index.js">
          <metrics statements="0" coveredstatements="0" conditionals="0" coveredconditionals="0" methods="0" coveredmethods="0"/>
        </file>
      </package>
    </metrics>
  </project>
</coverage>
