{"/Users/celso.silva/Projects/pure-js-mvc/src/controllers/Form/Form.js": {"path":"/Users/celso.silva/Projects/pure-js-mvc/src/controllers/Form/Form.js","statementMap":{"0":{"start":{"line":6,"column":4},"end":{"line":6,"column":48}},"1":{"start":{"line":7,"column":4},"end":{"line":7,"column":54}},"2":{"start":{"line":8,"column":4},"end":{"line":8,"column":58}},"3":{"start":{"line":9,"column":4},"end":{"line":9,"column":45}},"4":{"start":{"line":10,"column":4},"end":{"line":10,"column":46}},"5":{"start":{"line":12,"column":4},"end":{"line":14,"column":5}},"6":{"start":{"line":13,"column":6},"end":{"line":13,"column":32}},"7":{"start":{"line":16,"column":4},"end":{"line":16,"column":16}},"8":{"start":{"line":20,"column":4},"end":{"line":20,"column":70}},"9":{"start":{"line":21,"column":4},"end":{"line":21,"column":71}},"10":{"start":{"line":25,"column":18},"end":{"line":25,"column":35}},"11":{"start":{"line":26,"column":17},"end":{"line":26,"column":53}},"12":{"start":{"line":26,"column":36},"end":{"line":26,"column":52}},"13":{"start":{"line":28,"column":4},"end":{"line":49,"column":5}},"14":{"start":{"line":29,"column":6},"end":{"line":29,"column":29}},"15":{"start":{"line":30,"column":6},"end":{"line":30,"column":67}},"16":{"start":{"line":32,"column":6},"end":{"line":46,"column":9}},"17":{"start":{"line":33,"column":22},"end":{"line":35,"column":9}},"18":{"start":{"line":34,"column":19},"end":{"line":34,"column":37}},"19":{"start":{"line":37,"column":8},"end":{"line":45,"column":9}},"20":{"start":{"line":38,"column":23},"end":{"line":38,"column":54}},"21":{"start":{"line":40,"column":10},"end":{"line":44,"column":11}},"22":{"start":{"line":41,"column":12},"end":{"line":41,"column":59}},"23":{"start":{"line":43,"column":12},"end":{"line":43,"column":32}},"24":{"start":{"line":48,"column":6},"end":{"line":48,"column":26}},"25":{"start":{"line":53,"column":20},"end":{"line":56,"column":5}},"26":{"start":{"line":54,"column":26},"end":{"line":54,"column":64}},"27":{"start":{"line":58,"column":4},"end":{"line":58,"column":43}},"28":{"start":{"line":62,"column":4},"end":{"line":66,"column":5}},"29":{"start":{"line":63,"column":6},"end":{"line":63,"column":55}},"30":{"start":{"line":65,"column":6},"end":{"line":65,"column":52}},"31":{"start":{"line":70,"column":4},"end":{"line":70,"column":27}},"32":{"start":{"line":72,"column":4},"end":{"line":72,"column":39}},"33":{"start":{"line":73,"column":4},"end":{"line":73,"column":58}},"34":{"start":{"line":75,"column":18},"end":{"line":75,"column":35}},"35":{"start":{"line":76,"column":17},"end":{"line":82,"column":10}},"36":{"start":{"line":77,"column":6},"end":{"line":79,"column":22}},"37":{"start":{"line":81,"column":6},"end":{"line":81,"column":18}},"38":{"start":{"line":84,"column":4},"end":{"line":89,"column":5}},"39":{"start":{"line":85,"column":20},"end":{"line":85,"column":73}},"40":{"start":{"line":85,"column":38},"end":{"line":85,"column":46}},"41":{"start":{"line":86,"column":6},"end":{"line":86,"column":26}},"42":{"start":{"line":88,"column":6},"end":{"line":88,"column":23}},"43":{"start":{"line":91,"column":4},"end":{"line":93,"column":12}},"44":{"start":{"line":92,"column":6},"end":{"line":92,"column":37}}},"fnMap":{"0":{"name":"(anonymous_0)","decl":{"start":{"line":5,"column":2},"end":{"line":5,"column":3}},"loc":{"start":{"line":5,"column":27},"end":{"line":17,"column":3}},"line":5},"1":{"name":"(anonymous_1)","decl":{"start":{"line":19,"column":2},"end":{"line":19,"column":3}},"loc":{"start":{"line":19,"column":9},"end":{"line":22,"column":3}},"line":19},"2":{"name":"(anonymous_2)","decl":{"start":{"line":24,"column":2},"end":{"line":24,"column":3}},"loc":{"start":{"line":24,"column":22},"end":{"line":50,"column":3}},"line":24},"3":{"name":"(anonymous_3)","decl":{"start":{"line":26,"column":28},"end":{"line":26,"column":29}},"loc":{"start":{"line":26,"column":36},"end":{"line":26,"column":52}},"line":26},"4":{"name":"(anonymous_4)","decl":{"start":{"line":32,"column":35},"end":{"line":32,"column":36}},"loc":{"start":{"line":32,"column":53},"end":{"line":46,"column":7}},"line":32},"5":{"name":"(anonymous_5)","decl":{"start":{"line":34,"column":10},"end":{"line":34,"column":11}},"loc":{"start":{"line":34,"column":19},"end":{"line":34,"column":37}},"line":34},"6":{"name":"(anonymous_6)","decl":{"start":{"line":52,"column":2},"end":{"line":52,"column":3}},"loc":{"start":{"line":52,"column":17},"end":{"line":59,"column":3}},"line":52},"7":{"name":"(anonymous_7)","decl":{"start":{"line":54,"column":6},"end":{"line":54,"column":7}},"loc":{"start":{"line":54,"column":26},"end":{"line":54,"column":64}},"line":54},"8":{"name":"(anonymous_8)","decl":{"start":{"line":61,"column":2},"end":{"line":61,"column":3}},"loc":{"start":{"line":61,"column":34},"end":{"line":67,"column":3}},"line":61},"9":{"name":"(anonymous_9)","decl":{"start":{"line":69,"column":2},"end":{"line":69,"column":3}},"loc":{"start":{"line":69,"column":28},"end":{"line":94,"column":3}},"line":69},"10":{"name":"(anonymous_10)","decl":{"start":{"line":76,"column":58},"end":{"line":76,"column":59}},"loc":{"start":{"line":76,"column":75},"end":{"line":82,"column":5}},"line":76},"11":{"name":"(anonymous_11)","decl":{"start":{"line":85,"column":30},"end":{"line":85,"column":31}},"loc":{"start":{"line":85,"column":38},"end":{"line":85,"column":46}},"line":85},"12":{"name":"(anonymous_12)","decl":{"start":{"line":91,"column":15},"end":{"line":91,"column":16}},"loc":{"start":{"line":91,"column":21},"end":{"line":93,"column":5}},"line":91}},"branchMap":{"0":{"loc":{"start":{"line":5,"column":14},"end":{"line":5,"column":25}},"type":"default-arg","locations":[{"start":{"line":5,"column":23},"end":{"line":5,"column":25}}],"line":5},"1":{"loc":{"start":{"line":12,"column":4},"end":{"line":14,"column":5}},"type":"if","locations":[{"start":{"line":12,"column":4},"end":{"line":14,"column":5}},{"start":{"line":12,"column":4},"end":{"line":14,"column":5}}],"line":12},"2":{"loc":{"start":{"line":28,"column":4},"end":{"line":49,"column":5}},"type":"if","locations":[{"start":{"line":28,"column":4},"end":{"line":49,"column":5}},{"start":{"line":28,"column":4},"end":{"line":49,"column":5}}],"line":28},"3":{"loc":{"start":{"line":37,"column":8},"end":{"line":45,"column":9}},"type":"if","locations":[{"start":{"line":37,"column":8},"end":{"line":45,"column":9}},{"start":{"line":37,"column":8},"end":{"line":45,"column":9}}],"line":37},"4":{"loc":{"start":{"line":40,"column":10},"end":{"line":44,"column":11}},"type":"if","locations":[{"start":{"line":40,"column":10},"end":{"line":44,"column":11}},{"start":{"line":40,"column":10},"end":{"line":44,"column":11}}],"line":40},"5":{"loc":{"start":{"line":54,"column":26},"end":{"line":54,"column":64}},"type":"cond-expr","locations":[{"start":{"line":54,"column":35},"end":{"line":54,"column":55}},{"start":{"line":54,"column":58},"end":{"line":54,"column":64}}],"line":54},"6":{"loc":{"start":{"line":62,"column":4},"end":{"line":66,"column":5}},"type":"if","locations":[{"start":{"line":62,"column":4},"end":{"line":66,"column":5}},{"start":{"line":62,"column":4},"end":{"line":66,"column":5}}],"line":62},"7":{"loc":{"start":{"line":77,"column":25},"end":{"line":79,"column":21}},"type":"cond-expr","locations":[{"start":{"line":78,"column":10},"end":{"line":78,"column":44}},{"start":{"line":79,"column":10},"end":{"line":79,"column":21}}],"line":77},"8":{"loc":{"start":{"line":84,"column":4},"end":{"line":89,"column":5}},"type":"if","locations":[{"start":{"line":84,"column":4},"end":{"line":89,"column":5}},{"start":{"line":84,"column":4},"end":{"line":89,"column":5}}],"line":84}},"s":{"0":3,"1":3,"2":3,"3":3,"4":3,"5":3,"6":0,"7":3,"8":3,"9":3,"10":1,"11":1,"12":1,"13":1,"14":1,"15":1,"16":1,"17":4,"18":4,"19":4,"20":1,"21":1,"22":0,"23":1,"24":1,"25":2,"26":2,"27":2,"28":4,"29":2,"30":2,"31":2,"32":2,"33":2,"34":2,"35":2,"36":1,"37":1,"38":2,"39":1,"40":4,"41":1,"42":1,"43":2,"44":0},"f":{"0":3,"1":3,"2":1,"3":1,"4":4,"5":4,"6":2,"7":2,"8":4,"9":2,"10":1,"11":4,"12":0},"b":{"0":[3],"1":[0,3],"2":[1,0],"3":[1,3],"4":[0,1],"5":[2,0],"6":[2,2],"7":[0,1],"8":[1,1]},"_coverageSchema":"332fd63041d2c1bcb487cc26dd0d5f7d97098a6c","hash":"b52cc628ab1870a8a0167844e4078ee95538beaa"}
,"/Users/celso.silva/Projects/pure-js-mvc/src/controllers/List/List.js": {"path":"/Users/celso.silva/Projects/pure-js-mvc/src/controllers/List/List.js","statementMap":{"0":{"start":{"line":5,"column":4},"end":{"line":5,"column":63}},"1":{"start":{"line":6,"column":4},"end":{"line":6,"column":68}},"2":{"start":{"line":8,"column":4},"end":{"line":8,"column":20}},"3":{"start":{"line":12,"column":18},"end":{"line":12,"column":35}},"4":{"start":{"line":13,"column":17},"end":{"line":13,"column":62}},"5":{"start":{"line":15,"column":4},"end":{"line":21,"column":5}},"6":{"start":{"line":16,"column":6},"end":{"line":20,"column":9}},"7":{"start":{"line":17,"column":8},"end":{"line":19,"column":9}},"8":{"start":{"line":18,"column":10},"end":{"line":18,"column":23}},"9":{"start":{"line":23,"column":4},"end":{"line":42,"column":7}},"10":{"start":{"line":24,"column":18},"end":{"line":24,"column":69}},"11":{"start":{"line":25,"column":19},"end":{"line":25,"column":53}},"12":{"start":{"line":27,"column":6},"end":{"line":29,"column":51}},"13":{"start":{"line":31,"column":6},"end":{"line":33,"column":44}},"14":{"start":{"line":35,"column":6},"end":{"line":39,"column":9}},"15":{"start":{"line":36,"column":8},"end":{"line":38,"column":28}},"16":{"start":{"line":37,"column":17},"end":{"line":37,"column":48}},"17":{"start":{"line":41,"column":6},"end":{"line":41,"column":38}},"18":{"start":{"line":44,"column":4},"end":{"line":44,"column":16}},"19":{"start":{"line":48,"column":4},"end":{"line":50,"column":7}},"20":{"start":{"line":49,"column":6},"end":{"line":49,"column":69}},"21":{"start":{"line":54,"column":4},"end":{"line":54,"column":27}},"22":{"start":{"line":56,"column":18},"end":{"line":56,"column":35}},"23":{"start":{"line":57,"column":16},"end":{"line":57,"column":53}},"24":{"start":{"line":58,"column":18},"end":{"line":58,"column":58}},"25":{"start":{"line":58,"column":36},"end":{"line":58,"column":44}},"26":{"start":{"line":60,"column":4},"end":{"line":60,"column":27}},"27":{"start":{"line":62,"column":4},"end":{"line":62,"column":20}}},"fnMap":{"0":{"name":"(anonymous_0)","decl":{"start":{"line":4,"column":2},"end":{"line":4,"column":3}},"loc":{"start":{"line":4,"column":16},"end":{"line":9,"column":3}},"line":4},"1":{"name":"(anonymous_1)","decl":{"start":{"line":11,"column":2},"end":{"line":11,"column":3}},"loc":{"start":{"line":11,"column":19},"end":{"line":45,"column":3}},"line":11},"2":{"name":"(anonymous_2)","decl":{"start":{"line":16,"column":19},"end":{"line":16,"column":20}},"loc":{"start":{"line":16,"column":26},"end":{"line":20,"column":7}},"line":16},"3":{"name":"(anonymous_3)","decl":{"start":{"line":23,"column":18},"end":{"line":23,"column":19}},"loc":{"start":{"line":23,"column":26},"end":{"line":42,"column":5}},"line":23},"4":{"name":"(anonymous_4)","decl":{"start":{"line":35,"column":35},"end":{"line":35,"column":36}},"loc":{"start":{"line":35,"column":53},"end":{"line":39,"column":7}},"line":35},"5":{"name":"(anonymous_5)","decl":{"start":{"line":37,"column":10},"end":{"line":37,"column":11}},"loc":{"start":{"line":37,"column":17},"end":{"line":37,"column":48}},"line":37},"6":{"name":"(anonymous_6)","decl":{"start":{"line":47,"column":2},"end":{"line":47,"column":3}},"loc":{"start":{"line":47,"column":9},"end":{"line":51,"column":3}},"line":47},"7":{"name":"(anonymous_7)","decl":{"start":{"line":48,"column":68},"end":{"line":48,"column":69}},"loc":{"start":{"line":48,"column":78},"end":{"line":50,"column":5}},"line":48},"8":{"name":"(anonymous_8)","decl":{"start":{"line":53,"column":2},"end":{"line":53,"column":3}},"loc":{"start":{"line":53,"column":28},"end":{"line":63,"column":3}},"line":53},"9":{"name":"(anonymous_9)","decl":{"start":{"line":58,"column":28},"end":{"line":58,"column":29}},"loc":{"start":{"line":58,"column":36},"end":{"line":58,"column":44}},"line":58}},"branchMap":{"0":{"loc":{"start":{"line":15,"column":4},"end":{"line":21,"column":5}},"type":"if","locations":[{"start":{"line":15,"column":4},"end":{"line":21,"column":5}},{"start":{"line":15,"column":4},"end":{"line":21,"column":5}}],"line":15},"1":{"loc":{"start":{"line":17,"column":8},"end":{"line":19,"column":9}},"type":"if","locations":[{"start":{"line":17,"column":8},"end":{"line":19,"column":9}},{"start":{"line":17,"column":8},"end":{"line":19,"column":9}}],"line":17}},"s":{"0":3,"1":3,"2":3,"3":9,"4":9,"5":9,"6":6,"7":18,"8":18,"9":9,"10":27,"11":27,"12":27,"13":27,"14":27,"15":108,"16":270,"17":27,"18":9,"19":9,"20":27,"21":1,"22":1,"23":1,"24":1,"25":3,"26":1,"27":1},"f":{"0":3,"1":9,"2":18,"3":27,"4":108,"5":270,"6":9,"7":27,"8":1,"9":3},"b":{"0":[6,3],"1":[18,0]},"_coverageSchema":"332fd63041d2c1bcb487cc26dd0d5f7d97098a6c","hash":"b88a3b1f14bb7b412eba70e3b30f1be67f62376b"}
,"/Users/celso.silva/Projects/pure-js-mvc/src/helpers/fetchMock.js": {"path":"/Users/celso.silva/Projects/pure-js-mvc/src/helpers/fetchMock.js","statementMap":{"0":{"start":{"line":1,"column":25},"end":{"line":22,"column":2}},"1":{"start":{"line":1,"column":38},"end":{"line":22,"column":1}},"2":{"start":{"line":2,"column":20},"end":{"line":21,"column":3}}},"fnMap":{"0":{"name":"(anonymous_0)","decl":{"start":{"line":1,"column":25},"end":{"line":1,"column":26}},"loc":{"start":{"line":1,"column":38},"end":{"line":22,"column":1}},"line":1},"1":{"name":"(anonymous_1)","decl":{"start":{"line":2,"column":8},"end":{"line":2,"column":9}},"loc":{"start":{"line":2,"column":20},"end":{"line":21,"column":3}},"line":2}},"branchMap":{},"s":{"0":3,"1":9,"2":9},"f":{"0":9,"1":9},"b":{},"_coverageSchema":"332fd63041d2c1bcb487cc26dd0d5f7d97098a6c","hash":"37491e415efea8cd1d8b4902ddd250928416cc64"}
,"/Users/celso.silva/Projects/pure-js-mvc/src/helpers/index.js": {"path":"/Users/celso.silva/Projects/pure-js-mvc/src/helpers/index.js","statementMap":{},"fnMap":{},"branchMap":{},"s":{},"f":{},"b":{},"_coverageSchema":"332fd63041d2c1bcb487cc26dd0d5f7d97098a6c","hash":"cf6ef69b8b32b6c015188bd574257f69623514cd"}
,"/Users/celso.silva/Projects/pure-js-mvc/src/models/index.js": {"path":"/Users/celso.silva/Projects/pure-js-mvc/src/models/index.js","statementMap":{},"fnMap":{},"branchMap":{},"s":{},"f":{},"b":{},"_coverageSchema":"332fd63041d2c1bcb487cc26dd0d5f7d97098a6c","hash":"1be09f754f3d44a77b01fc6d3eba8739c135cfda"}
,"/Users/celso.silva/Projects/pure-js-mvc/src/models/Users/Users.js": {"path":"/Users/celso.silva/Projects/pure-js-mvc/src/models/Users/Users.js","statementMap":{"0":{"start":{"line":3,"column":4},"end":{"line":3,"column":24}},"1":{"start":{"line":7,"column":29},"end":{"line":7,"column":58}},"2":{"start":{"line":9,"column":4},"end":{"line":23,"column":5}},"3":{"start":{"line":10,"column":22},"end":{"line":13,"column":7}},"4":{"start":{"line":14,"column":20},"end":{"line":14,"column":40}},"5":{"start":{"line":16,"column":6},"end":{"line":16,"column":37}},"6":{"start":{"line":18,"column":6},"end":{"line":18,"column":37}},"7":{"start":{"line":20,"column":20},"end":{"line":20,"column":48}},"8":{"start":{"line":22,"column":6},"end":{"line":22,"column":37}},"9":{"start":{"line":27,"column":4},"end":{"line":29,"column":7}},"10":{"start":{"line":33,"column":4},"end":{"line":33,"column":57}},"11":{"start":{"line":37,"column":19},"end":{"line":37,"column":50}},"12":{"start":{"line":39,"column":4},"end":{"line":39,"column":35}},"13":{"start":{"line":41,"column":4},"end":{"line":41,"column":18}}},"fnMap":{"0":{"name":"(anonymous_0)","decl":{"start":{"line":2,"column":2},"end":{"line":2,"column":3}},"loc":{"start":{"line":2,"column":16},"end":{"line":4,"column":3}},"line":2},"1":{"name":"(anonymous_1)","decl":{"start":{"line":6,"column":2},"end":{"line":6,"column":3}},"loc":{"start":{"line":6,"column":16},"end":{"line":24,"column":3}},"line":6},"2":{"name":"(anonymous_2)","decl":{"start":{"line":26,"column":2},"end":{"line":26,"column":3}},"loc":{"start":{"line":26,"column":21},"end":{"line":30,"column":3}},"line":26},"3":{"name":"(anonymous_3)","decl":{"start":{"line":32,"column":2},"end":{"line":32,"column":3}},"loc":{"start":{"line":32,"column":28},"end":{"line":34,"column":3}},"line":32},"4":{"name":"(anonymous_4)","decl":{"start":{"line":36,"column":2},"end":{"line":36,"column":3}},"loc":{"start":{"line":36,"column":26},"end":{"line":42,"column":3}},"line":36}},"branchMap":{"0":{"loc":{"start":{"line":9,"column":4},"end":{"line":23,"column":5}},"type":"if","locations":[{"start":{"line":9,"column":4},"end":{"line":23,"column":5}},{"start":{"line":9,"column":4},"end":{"line":23,"column":5}}],"line":9}},"s":{"0":16,"1":16,"2":16,"3":9,"4":9,"5":9,"6":9,"7":7,"8":7,"9":16,"10":19,"11":10,"12":10,"13":10},"f":{"0":16,"1":16,"2":16,"3":19,"4":10},"b":{"0":[9,7]},"_coverageSchema":"332fd63041d2c1bcb487cc26dd0d5f7d97098a6c","hash":"bc7db80cae8ef94c51ee990b4833cd7d9be586a6"}
,"/Users/celso.silva/Projects/pure-js-mvc/src/models/Users/index.js": {"path":"/Users/celso.silva/Projects/pure-js-mvc/src/models/Users/index.js","statementMap":{},"fnMap":{},"branchMap":{},"s":{},"f":{},"b":{},"_coverageSchema":"332fd63041d2c1bcb487cc26dd0d5f7d97098a6c","hash":"5cf1cbd3448ebf46ce43e8fc281682c926c36f53"}
,"/Users/celso.silva/Projects/pure-js-mvc/src/utils/index.js": {"path":"/Users/celso.silva/Projects/pure-js-mvc/src/utils/index.js","statementMap":{},"fnMap":{},"branchMap":{},"s":{},"f":{},"b":{},"_coverageSchema":"332fd63041d2c1bcb487cc26dd0d5f7d97098a6c","hash":"0f076484522158fcb7cc5336b4e10b561e54bd53"}
,"/Users/celso.silva/Projects/pure-js-mvc/src/utils/NumericMask/NumericMask.js": {"path":"/Users/celso.silva/Projects/pure-js-mvc/src/utils/NumericMask/NumericMask.js","statementMap":{"0":{"start":{"line":3,"column":4},"end":{"line":3,"column":25}},"1":{"start":{"line":4,"column":4},"end":{"line":4,"column":16}},"2":{"start":{"line":8,"column":4},"end":{"line":11,"column":7}},"3":{"start":{"line":9,"column":6},"end":{"line":9,"column":70}},"4":{"start":{"line":10,"column":6},"end":{"line":10,"column":46}},"5":{"start":{"line":15,"column":18},"end":{"line":15,"column":30}},"6":{"start":{"line":16,"column":17},"end":{"line":16,"column":48}},"7":{"start":{"line":18,"column":4},"end":{"line":20,"column":5}},"8":{"start":{"line":19,"column":6},"end":{"line":19,"column":54}},"9":{"start":{"line":24,"column":23},"end":{"line":24,"column":50}},"10":{"start":{"line":25,"column":17},"end":{"line":25,"column":19}},"11":{"start":{"line":26,"column":23},"end":{"line":26,"column":24}},"12":{"start":{"line":28,"column":4},"end":{"line":39,"column":5}},"13":{"start":{"line":29,"column":6},"end":{"line":31,"column":7}},"14":{"start":{"line":30,"column":8},"end":{"line":30,"column":14}},"15":{"start":{"line":33,"column":6},"end":{"line":38,"column":7}},"16":{"start":{"line":34,"column":8},"end":{"line":34,"column":37}},"17":{"start":{"line":36,"column":8},"end":{"line":36,"column":50}},"18":{"start":{"line":37,"column":8},"end":{"line":37,"column":23}},"19":{"start":{"line":41,"column":4},"end":{"line":41,"column":18}}},"fnMap":{"0":{"name":"(anonymous_0)","decl":{"start":{"line":2,"column":2},"end":{"line":2,"column":3}},"loc":{"start":{"line":2,"column":27},"end":{"line":5,"column":3}},"line":2},"1":{"name":"(anonymous_1)","decl":{"start":{"line":7,"column":2},"end":{"line":7,"column":3}},"loc":{"start":{"line":7,"column":9},"end":{"line":12,"column":3}},"line":7},"2":{"name":"(anonymous_2)","decl":{"start":{"line":8,"column":24},"end":{"line":8,"column":25}},"loc":{"start":{"line":8,"column":33},"end":{"line":11,"column":5}},"line":8},"3":{"name":"(anonymous_3)","decl":{"start":{"line":14,"column":2},"end":{"line":14,"column":3}},"loc":{"start":{"line":14,"column":24},"end":{"line":21,"column":3}},"line":14},"4":{"name":"(anonymous_4)","decl":{"start":{"line":23,"column":2},"end":{"line":23,"column":3}},"loc":{"start":{"line":23,"column":24},"end":{"line":42,"column":3}},"line":23}},"branchMap":{"0":{"loc":{"start":{"line":2,"column":14},"end":{"line":2,"column":25}},"type":"default-arg","locations":[{"start":{"line":2,"column":23},"end":{"line":2,"column":25}}],"line":2},"1":{"loc":{"start":{"line":18,"column":4},"end":{"line":20,"column":5}},"type":"if","locations":[{"start":{"line":18,"column":4},"end":{"line":20,"column":5}},{"start":{"line":18,"column":4},"end":{"line":20,"column":5}}],"line":18},"2":{"loc":{"start":{"line":18,"column":8},"end":{"line":18,"column":35}},"type":"binary-expr","locations":[{"start":{"line":18,"column":8},"end":{"line":18,"column":12}},{"start":{"line":18,"column":16},"end":{"line":18,"column":35}}],"line":18},"3":{"loc":{"start":{"line":29,"column":6},"end":{"line":31,"column":7}},"type":"if","locations":[{"start":{"line":29,"column":6},"end":{"line":31,"column":7}},{"start":{"line":29,"column":6},"end":{"line":31,"column":7}}],"line":29},"4":{"loc":{"start":{"line":33,"column":6},"end":{"line":38,"column":7}},"type":"if","locations":[{"start":{"line":33,"column":6},"end":{"line":38,"column":7}},{"start":{"line":33,"column":6},"end":{"line":38,"column":7}}],"line":33}},"s":{"0":6,"1":6,"2":6,"3":3,"4":3,"5":4,"6":4,"7":4,"8":2,"9":4,"10":4,"11":4,"12":4,"13":42,"14":0,"15":42,"16":8,"17":34,"18":34,"19":4},"f":{"0":6,"1":6,"2":3,"3":4,"4":4},"b":{"0":[2],"1":[2,2],"2":[4,2],"3":[0,42],"4":[8,34]},"_coverageSchema":"332fd63041d2c1bcb487cc26dd0d5f7d97098a6c","hash":"3e76769704b45d644d9f54bc38f6c952f04cf7aa"}
,"/Users/celso.silva/Projects/pure-js-mvc/src/utils/NumericMask/index.js": {"path":"/Users/celso.silva/Projects/pure-js-mvc/src/utils/NumericMask/index.js","statementMap":{},"fnMap":{},"branchMap":{},"s":{},"f":{},"b":{},"_coverageSchema":"332fd63041d2c1bcb487cc26dd0d5f7d97098a6c","hash":"73287712ff047016fd3ee08be7d38c74631e5a6f"}
,"/Users/celso.silva/Projects/pure-js-mvc/src/utils/Router/Router.js": {"path":"/Users/celso.silva/Projects/pure-js-mvc/src/utils/Router/Router.js","statementMap":{"0":{"start":{"line":3,"column":4},"end":{"line":3,"column":25}},"1":{"start":{"line":4,"column":4},"end":{"line":4,"column":16}},"2":{"start":{"line":8,"column":4},"end":{"line":8,"column":76}},"3":{"start":{"line":9,"column":4},"end":{"line":9,"column":70}},"4":{"start":{"line":13,"column":16},"end":{"line":13,"column":43}},"5":{"start":{"line":14,"column":20},"end":{"line":14,"column":54}},"6":{"start":{"line":15,"column":18},"end":{"line":16,"column":65}},"7":{"start":{"line":16,"column":6},"end":{"line":16,"column":65}},"8":{"start":{"line":17,"column":18},"end":{"line":19,"column":5}},"9":{"start":{"line":18,"column":26},"end":{"line":18,"column":65}},"10":{"start":{"line":21,"column":4},"end":{"line":44,"column":5}},"11":{"start":{"line":22,"column":6},"end":{"line":22,"column":29}},"12":{"start":{"line":24,"column":6},"end":{"line":43,"column":7}},"13":{"start":{"line":25,"column":25},"end":{"line":25,"column":64}},"14":{"start":{"line":26,"column":27},"end":{"line":26,"column":56}},"15":{"start":{"line":28,"column":8},"end":{"line":30,"column":9}},"16":{"start":{"line":29,"column":10},"end":{"line":29,"column":75}},"17":{"start":{"line":32,"column":8},"end":{"line":42,"column":9}},"18":{"start":{"line":33,"column":30},"end":{"line":33,"column":52}},"19":{"start":{"line":34,"column":10},"end":{"line":34,"column":30}},"20":{"start":{"line":36,"column":10},"end":{"line":41,"column":12}},"21":{"start":{"line":38,"column":14},"end":{"line":38,"column":65}},"22":{"start":{"line":39,"column":14},"end":{"line":39,"column":28}}},"fnMap":{"0":{"name":"(anonymous_0)","decl":{"start":{"line":2,"column":2},"end":{"line":2,"column":3}},"loc":{"start":{"line":2,"column":27},"end":{"line":5,"column":3}},"line":2},"1":{"name":"(anonymous_1)","decl":{"start":{"line":7,"column":2},"end":{"line":7,"column":3}},"loc":{"start":{"line":7,"column":9},"end":{"line":10,"column":3}},"line":7},"2":{"name":"(anonymous_2)","decl":{"start":{"line":12,"column":2},"end":{"line":12,"column":3}},"loc":{"start":{"line":12,"column":21},"end":{"line":45,"column":3}},"line":12},"3":{"name":"(anonymous_3)","decl":{"start":{"line":15,"column":18},"end":{"line":15,"column":19}},"loc":{"start":{"line":16,"column":6},"end":{"line":16,"column":65}},"line":16},"4":{"name":"(anonymous_4)","decl":{"start":{"line":18,"column":6},"end":{"line":18,"column":7}},"loc":{"start":{"line":18,"column":26},"end":{"line":18,"column":65}},"line":18},"5":{"name":"(anonymous_5)","decl":{"start":{"line":37,"column":31},"end":{"line":37,"column":32}},"loc":{"start":{"line":37,"column":57},"end":{"line":40,"column":13}},"line":37}},"branchMap":{"0":{"loc":{"start":{"line":2,"column":14},"end":{"line":2,"column":25}},"type":"default-arg","locations":[{"start":{"line":2,"column":23},"end":{"line":2,"column":25}}],"line":2},"1":{"loc":{"start":{"line":13,"column":16},"end":{"line":13,"column":43}},"type":"binary-expr","locations":[{"start":{"line":13,"column":16},"end":{"line":13,"column":36}},{"start":{"line":13,"column":40},"end":{"line":13,"column":43}}],"line":13},"2":{"loc":{"start":{"line":18,"column":26},"end":{"line":18,"column":65}},"type":"cond-expr","locations":[{"start":{"line":18,"column":34},"end":{"line":18,"column":46}},{"start":{"line":18,"column":49},"end":{"line":18,"column":65}}],"line":18},"3":{"loc":{"start":{"line":21,"column":4},"end":{"line":44,"column":5}},"type":"if","locations":[{"start":{"line":21,"column":4},"end":{"line":44,"column":5}},{"start":{"line":21,"column":4},"end":{"line":44,"column":5}}],"line":21},"4":{"loc":{"start":{"line":24,"column":6},"end":{"line":43,"column":7}},"type":"if","locations":[{"start":{"line":24,"column":6},"end":{"line":43,"column":7}},{"start":{"line":24,"column":6},"end":{"line":43,"column":7}}],"line":24},"5":{"loc":{"start":{"line":28,"column":8},"end":{"line":30,"column":9}},"type":"if","locations":[{"start":{"line":28,"column":8},"end":{"line":30,"column":9}},{"start":{"line":28,"column":8},"end":{"line":30,"column":9}}],"line":28},"6":{"loc":{"start":{"line":32,"column":8},"end":{"line":42,"column":9}},"type":"if","locations":[{"start":{"line":32,"column":8},"end":{"line":42,"column":9}},{"start":{"line":32,"column":8},"end":{"line":42,"column":9}}],"line":32}},"s":{"0":3,"1":3,"2":3,"3":3,"4":3,"5":3,"6":3,"7":5,"8":3,"9":3,"10":3,"11":3,"12":3,"13":3,"14":3,"15":3,"16":1,"17":3,"18":2,"19":2,"20":2,"21":2,"22":2},"f":{"0":3,"1":3,"2":3,"3":5,"4":3,"5":2},"b":{"0":[0],"1":[3,0],"2":[0,3],"3":[3,0],"4":[3,0],"5":[1,2],"6":[2,1]},"_coverageSchema":"332fd63041d2c1bcb487cc26dd0d5f7d97098a6c","hash":"16bc44555d419a9eb62fa38c55781363aa192566"}
,"/Users/celso.silva/Projects/pure-js-mvc/src/utils/Router/index.js": {"path":"/Users/celso.silva/Projects/pure-js-mvc/src/utils/Router/index.js","statementMap":{},"fnMap":{},"branchMap":{},"s":{},"f":{},"b":{},"_coverageSchema":"332fd63041d2c1bcb487cc26dd0d5f7d97098a6c","hash":"a14527712ba920dd545003a960cd57c4e036e6fe"}
,"/Users/celso.silva/Projects/pure-js-mvc/src/utils/Validate/Validate.js": {"path":"/Users/celso.silva/Projects/pure-js-mvc/src/utils/Validate/Validate.js","statementMap":{"0":{"start":{"line":3,"column":4},"end":{"line":3,"column":25}},"1":{"start":{"line":4,"column":4},"end":{"line":4,"column":16}},"2":{"start":{"line":8,"column":4},"end":{"line":14,"column":7}},"3":{"start":{"line":9,"column":6},"end":{"line":9,"column":71}},"4":{"start":{"line":10,"column":6},"end":{"line":10,"column":68}},"5":{"start":{"line":11,"column":6},"end":{"line":13,"column":9}},"6":{"start":{"line":12,"column":8},"end":{"line":12,"column":41}},"7":{"start":{"line":18,"column":18},"end":{"line":18,"column":30}},"8":{"start":{"line":19,"column":20},"end":{"line":19,"column":76}},"9":{"start":{"line":21,"column":4},"end":{"line":44,"column":5}},"10":{"start":{"line":22,"column":6},"end":{"line":24,"column":7}},"11":{"start":{"line":23,"column":8},"end":{"line":23,"column":25}},"12":{"start":{"line":26,"column":6},"end":{"line":26,"column":39}},"13":{"start":{"line":27,"column":11},"end":{"line":44,"column":5}},"14":{"start":{"line":28,"column":29},"end":{"line":28,"column":63}},"15":{"start":{"line":30,"column":6},"end":{"line":41,"column":7}},"16":{"start":{"line":31,"column":8},"end":{"line":40,"column":9}},"17":{"start":{"line":32,"column":10},"end":{"line":32,"column":45}},"18":{"start":{"line":34,"column":29},"end":{"line":34,"column":58}},"19":{"start":{"line":36,"column":10},"end":{"line":36,"column":57}},"20":{"start":{"line":37,"column":10},"end":{"line":37,"column":48}},"21":{"start":{"line":39,"column":10},"end":{"line":39,"column":47}},"22":{"start":{"line":43,"column":6},"end":{"line":43,"column":46}},"23":{"start":{"line":46,"column":4},"end":{"line":46,"column":27}},"24":{"start":{"line":50,"column":4},"end":{"line":62,"column":5}},"25":{"start":{"line":51,"column":6},"end":{"line":51,"column":62}},"26":{"start":{"line":53,"column":6},"end":{"line":59,"column":7}},"27":{"start":{"line":54,"column":31},"end":{"line":54,"column":71}},"28":{"start":{"line":56,"column":8},"end":{"line":58,"column":9}},"29":{"start":{"line":57,"column":10},"end":{"line":57,"column":32}},"30":{"start":{"line":61,"column":6},"end":{"line":61,"column":16}}},"fnMap":{"0":{"name":"(anonymous_0)","decl":{"start":{"line":2,"column":2},"end":{"line":2,"column":3}},"loc":{"start":{"line":2,"column":27},"end":{"line":5,"column":3}},"line":2},"1":{"name":"(anonymous_1)","decl":{"start":{"line":7,"column":2},"end":{"line":7,"column":3}},"loc":{"start":{"line":7,"column":9},"end":{"line":15,"column":3}},"line":7},"2":{"name":"(anonymous_2)","decl":{"start":{"line":8,"column":24},"end":{"line":8,"column":25}},"loc":{"start":{"line":8,"column":33},"end":{"line":14,"column":5}},"line":8},"3":{"name":"(anonymous_3)","decl":{"start":{"line":11,"column":38},"end":{"line":11,"column":39}},"loc":{"start":{"line":11,"column":47},"end":{"line":13,"column":7}},"line":11},"4":{"name":"(anonymous_4)","decl":{"start":{"line":17,"column":2},"end":{"line":17,"column":3}},"loc":{"start":{"line":17,"column":43},"end":{"line":47,"column":3}},"line":17},"5":{"name":"(anonymous_5)","decl":{"start":{"line":49,"column":2},"end":{"line":49,"column":3}},"loc":{"start":{"line":49,"column":32},"end":{"line":63,"column":3}},"line":49}},"branchMap":{"0":{"loc":{"start":{"line":2,"column":14},"end":{"line":2,"column":25}},"type":"default-arg","locations":[{"start":{"line":2,"column":23},"end":{"line":2,"column":25}}],"line":2},"1":{"loc":{"start":{"line":17,"column":23},"end":{"line":17,"column":41}},"type":"default-arg","locations":[{"start":{"line":17,"column":37},"end":{"line":17,"column":41}}],"line":17},"2":{"loc":{"start":{"line":21,"column":4},"end":{"line":44,"column":5}},"type":"if","locations":[{"start":{"line":21,"column":4},"end":{"line":44,"column":5}},{"start":{"line":21,"column":4},"end":{"line":44,"column":5}}],"line":21},"3":{"loc":{"start":{"line":22,"column":6},"end":{"line":24,"column":7}},"type":"if","locations":[{"start":{"line":22,"column":6},"end":{"line":24,"column":7}},{"start":{"line":22,"column":6},"end":{"line":24,"column":7}}],"line":22},"4":{"loc":{"start":{"line":27,"column":11},"end":{"line":44,"column":5}},"type":"if","locations":[{"start":{"line":27,"column":11},"end":{"line":44,"column":5}},{"start":{"line":27,"column":11},"end":{"line":44,"column":5}}],"line":27},"5":{"loc":{"start":{"line":30,"column":6},"end":{"line":41,"column":7}},"type":"if","locations":[{"start":{"line":30,"column":6},"end":{"line":41,"column":7}},{"start":{"line":30,"column":6},"end":{"line":41,"column":7}}],"line":30},"6":{"loc":{"start":{"line":31,"column":8},"end":{"line":40,"column":9}},"type":"if","locations":[{"start":{"line":31,"column":8},"end":{"line":40,"column":9}},{"start":{"line":31,"column":8},"end":{"line":40,"column":9}}],"line":31},"7":{"loc":{"start":{"line":50,"column":4},"end":{"line":62,"column":5}},"type":"if","locations":[{"start":{"line":50,"column":4},"end":{"line":62,"column":5}},{"start":{"line":50,"column":4},"end":{"line":62,"column":5}}],"line":50},"8":{"loc":{"start":{"line":56,"column":8},"end":{"line":58,"column":9}},"type":"if","locations":[{"start":{"line":56,"column":8},"end":{"line":58,"column":9}},{"start":{"line":56,"column":8},"end":{"line":58,"column":9}}],"line":56},"9":{"loc":{"start":{"line":56,"column":12},"end":{"line":56,"column":56}},"type":"binary-expr","locations":[{"start":{"line":56,"column":12},"end":{"line":56,"column":26}},{"start":{"line":56,"column":30},"end":{"line":56,"column":56}}],"line":56}},"s":{"0":7,"1":7,"2":7,"3":6,"4":6,"5":6,"6":0,"7":4,"8":4,"9":4,"10":1,"11":0,"12":1,"13":3,"14":3,"15":3,"16":2,"17":0,"18":2,"19":2,"20":2,"21":2,"22":3,"23":4,"24":3,"25":0,"26":3,"27":13,"28":13,"29":2,"30":1},"f":{"0":7,"1":7,"2":6,"3":0,"4":4,"5":3},"b":{"0":[0],"1":[4],"2":[1,3],"3":[0,1],"4":[3,0],"5":[2,1],"6":[0,2],"7":[0,3],"8":[2,11],"9":[13,2]},"_coverageSchema":"332fd63041d2c1bcb487cc26dd0d5f7d97098a6c","hash":"53be0060f14d13b8138a2da470930db37e84cbb4"}
,"/Users/celso.silva/Projects/pure-js-mvc/src/utils/Validate/index.js": {"path":"/Users/celso.silva/Projects/pure-js-mvc/src/utils/Validate/index.js","statementMap":{},"fnMap":{},"branchMap":{},"s":{},"f":{},"b":{},"_coverageSchema":"332fd63041d2c1bcb487cc26dd0d5f7d97098a6c","hash":"3314f098742c730166931f1a645832a0be81951e"}
}
