TN:
SF:/Users/celso.silva/Projects/pure-js-mvc/src/controllers/Form/Form.js
FN:5,(anonymous_0)
FN:19,(anonymous_1)
FN:24,(anonymous_2)
FN:26,(anonymous_3)
FN:32,(anonymous_4)
FN:34,(anonymous_5)
FN:52,(anonymous_6)
FN:54,(anonymous_7)
FN:61,(anonymous_8)
FN:69,(anonymous_9)
FN:76,(anonymous_10)
FN:85,(anonymous_11)
FN:91,(anonymous_12)
FNF:13
FNH:12
FNDA:3,(anonymous_0)
FNDA:3,(anonymous_1)
FNDA:1,(anonymous_2)
FNDA:1,(anonymous_3)
FNDA:4,(anonymous_4)
FNDA:4,(anonymous_5)
FNDA:2,(anonymous_6)
FNDA:2,(anonymous_7)
FNDA:4,(anonymous_8)
FNDA:2,(anonymous_9)
FNDA:1,(anonymous_10)
FNDA:4,(anonymous_11)
FNDA:0,(anonymous_12)
DA:6,3
DA:7,3
DA:8,3
DA:9,3
DA:10,3
DA:12,3
DA:13,0
DA:16,3
DA:20,3
DA:21,3
DA:25,1
DA:26,1
DA:28,1
DA:29,1
DA:30,1
DA:32,1
DA:33,4
DA:34,4
DA:37,4
DA:38,1
DA:40,1
DA:41,0
DA:43,1
DA:48,1
DA:53,2
DA:54,2
DA:58,2
DA:62,4
DA:63,2
DA:65,2
DA:70,2
DA:72,2
DA:73,2
DA:75,2
DA:76,2
DA:77,1
DA:81,1
DA:84,2
DA:85,4
DA:86,1
DA:88,1
DA:91,2
DA:92,0
LF:43
LH:40
BRDA:5,0,0,3
BRDA:12,1,0,0
BRDA:12,1,1,3
BRDA:28,2,0,1
BRDA:28,2,1,0
BRDA:37,3,0,1
BRDA:37,3,1,3
BRDA:40,4,0,0
BRDA:40,4,1,1
BRDA:54,5,0,2
BRDA:54,5,1,0
BRDA:62,6,0,2
BRDA:62,6,1,2
BRDA:77,7,0,0
BRDA:77,7,1,1
BRDA:84,8,0,1
BRDA:84,8,1,1
BRF:17
BRH:12
end_of_record
TN:
SF:/Users/celso.silva/Projects/pure-js-mvc/src/controllers/List/List.js
FN:4,(anonymous_0)
FN:11,(anonymous_1)
FN:16,(anonymous_2)
FN:23,(anonymous_3)
FN:35,(anonymous_4)
FN:37,(anonymous_5)
FN:47,(anonymous_6)
FN:48,(anonymous_7)
FN:53,(anonymous_8)
FN:58,(anonymous_9)
FNF:10
FNH:10
FNDA:3,(anonymous_0)
FNDA:9,(anonymous_1)
FNDA:18,(anonymous_2)
FNDA:27,(anonymous_3)
FNDA:108,(anonymous_4)
FNDA:270,(anonymous_5)
FNDA:9,(anonymous_6)
FNDA:27,(anonymous_7)
FNDA:1,(anonymous_8)
FNDA:3,(anonymous_9)
DA:5,3
DA:6,3
DA:8,3
DA:12,9
DA:13,9
DA:15,9
DA:16,6
DA:17,18
DA:18,18
DA:23,9
DA:24,27
DA:25,27
DA:27,27
DA:31,27
DA:35,27
DA:36,108
DA:37,270
DA:41,27
DA:44,9
DA:48,9
DA:49,27
DA:54,1
DA:56,1
DA:57,1
DA:58,3
DA:60,1
DA:62,1
LF:27
LH:27
BRDA:15,0,0,6
BRDA:15,0,1,3
BRDA:17,1,0,18
BRDA:17,1,1,0
BRF:4
BRH:3
end_of_record
TN:
SF:/Users/celso.silva/Projects/pure-js-mvc/src/helpers/fetchMock.js
FN:1,(anonymous_0)
FN:2,(anonymous_1)
FNF:2
FNH:2
FNDA:9,(anonymous_0)
FNDA:9,(anonymous_1)
DA:1,9
DA:2,9
LF:2
LH:2
BRF:0
BRH:0
end_of_record
TN:
SF:/Users/celso.silva/Projects/pure-js-mvc/src/helpers/index.js
FNF:0
FNH:0
LF:0
LH:0
BRF:0
BRH:0
end_of_record
TN:
SF:/Users/celso.silva/Projects/pure-js-mvc/src/models/index.js
FNF:0
FNH:0
LF:0
LH:0
BRF:0
BRH:0
end_of_record
TN:
SF:/Users/celso.silva/Projects/pure-js-mvc/src/models/Users/Users.js
FN:2,(anonymous_0)
FN:6,(anonymous_1)
FN:26,(anonymous_2)
FN:32,(anonymous_3)
FN:36,(anonymous_4)
FNF:5
FNH:5
FNDA:16,(anonymous_0)
FNDA:16,(anonymous_1)
FNDA:16,(anonymous_2)
FNDA:19,(anonymous_3)
FNDA:10,(anonymous_4)
DA:3,16
DA:7,16
DA:9,16
DA:10,9
DA:14,9
DA:16,9
DA:18,9
DA:20,7
DA:22,7
DA:27,16
DA:33,19
DA:37,10
DA:39,10
DA:41,10
LF:14
LH:14
BRDA:9,0,0,9
BRDA:9,0,1,7
BRF:2
BRH:2
end_of_record
TN:
SF:/Users/celso.silva/Projects/pure-js-mvc/src/models/Users/index.js
FNF:0
FNH:0
LF:0
LH:0
BRF:0
BRH:0
end_of_record
TN:
SF:/Users/celso.silva/Projects/pure-js-mvc/src/utils/index.js
FNF:0
FNH:0
LF:0
LH:0
BRF:0
BRH:0
end_of_record
TN:
SF:/Users/celso.silva/Projects/pure-js-mvc/src/utils/NumericMask/NumericMask.js
FN:2,(anonymous_0)
FN:7,(anonymous_1)
FN:8,(anonymous_2)
FN:14,(anonymous_3)
FN:23,(anonymous_4)
FNF:5
FNH:5
FNDA:6,(anonymous_0)
FNDA:6,(anonymous_1)
FNDA:3,(anonymous_2)
FNDA:4,(anonymous_3)
FNDA:4,(anonymous_4)
DA:3,6
DA:4,6
DA:8,6
DA:9,3
DA:10,3
DA:15,4
DA:16,4
DA:18,4
DA:19,2
DA:24,4
DA:25,4
DA:26,4
DA:28,4
DA:29,42
DA:30,0
DA:33,42
DA:34,8
DA:36,34
DA:37,34
DA:41,4
LF:20
LH:19
BRDA:2,0,0,2
BRDA:18,1,0,2
BRDA:18,1,1,2
BRDA:18,2,0,4
BRDA:18,2,1,2
BRDA:29,3,0,0
BRDA:29,3,1,42
BRDA:33,4,0,8
BRDA:33,4,1,34
BRF:9
BRH:8
end_of_record
TN:
SF:/Users/celso.silva/Projects/pure-js-mvc/src/utils/NumericMask/index.js
FNF:0
FNH:0
LF:0
LH:0
BRF:0
BRH:0
end_of_record
TN:
SF:/Users/celso.silva/Projects/pure-js-mvc/src/utils/Router/Router.js
FN:2,(anonymous_0)
FN:7,(anonymous_1)
FN:12,(anonymous_2)
FN:15,(anonymous_3)
FN:18,(anonymous_4)
FN:37,(anonymous_5)
FNF:6
FNH:6
FNDA:3,(anonymous_0)
FNDA:3,(anonymous_1)
FNDA:3,(anonymous_2)
FNDA:5,(anonymous_3)
FNDA:3,(anonymous_4)
FNDA:2,(anonymous_5)
DA:3,3
DA:4,3
DA:8,3
DA:9,3
DA:13,3
DA:14,3
DA:15,3
DA:16,5
DA:17,3
DA:18,3
DA:21,3
DA:22,3
DA:24,3
DA:25,3
DA:26,3
DA:28,3
DA:29,1
DA:32,3
DA:33,2
DA:34,2
DA:36,2
DA:38,2
DA:39,2
LF:23
LH:23
BRDA:2,0,0,0
BRDA:13,1,0,3
BRDA:13,1,1,0
BRDA:18,2,0,0
BRDA:18,2,1,3
BRDA:21,3,0,3
BRDA:21,3,1,0
BRDA:24,4,0,3
BRDA:24,4,1,0
BRDA:28,5,0,1
BRDA:28,5,1,2
BRDA:32,6,0,2
BRDA:32,6,1,1
BRF:13
BRH:8
end_of_record
TN:
SF:/Users/celso.silva/Projects/pure-js-mvc/src/utils/Router/index.js
FNF:0
FNH:0
LF:0
LH:0
BRF:0
BRH:0
end_of_record
TN:
SF:/Users/celso.silva/Projects/pure-js-mvc/src/utils/Validate/Validate.js
FN:2,(anonymous_0)
FN:7,(anonymous_1)
FN:8,(anonymous_2)
FN:11,(anonymous_3)
FN:17,(anonymous_4)
FN:49,(anonymous_5)
FNF:6
FNH:5
FNDA:7,(anonymous_0)
FNDA:7,(anonymous_1)
FNDA:6,(anonymous_2)
FNDA:0,(anonymous_3)
FNDA:4,(anonymous_4)
FNDA:3,(anonymous_5)
DA:3,7
DA:4,7
DA:8,7
DA:9,6
DA:10,6
DA:11,6
DA:12,0
DA:18,4
DA:19,4
DA:21,4
DA:22,1
DA:23,0
DA:26,1
DA:27,3
DA:28,3
DA:30,3
DA:31,2
DA:32,0
DA:34,2
DA:36,2
DA:37,2
DA:39,2
DA:43,3
DA:46,4
DA:50,3
DA:51,0
DA:53,3
DA:54,13
DA:56,13
DA:57,2
DA:61,1
LF:31
LH:27
BRDA:2,0,0,0
BRDA:17,1,0,4
BRDA:21,2,0,1
BRDA:21,2,1,3
BRDA:22,3,0,0
BRDA:22,3,1,1
BRDA:27,4,0,3
BRDA:27,4,1,0
BRDA:30,5,0,2
BRDA:30,5,1,1
BRDA:31,6,0,0
BRDA:31,6,1,2
BRDA:50,7,0,0
BRDA:50,7,1,3
BRDA:56,8,0,2
BRDA:56,8,1,11
BRDA:56,9,0,13
BRDA:56,9,1,2
BRF:18
BRH:13
end_of_record
TN:
SF:/Users/celso.silva/Projects/pure-js-mvc/src/utils/Validate/index.js
FNF:0
FNH:0
LF:0
LH:0
BRF:0
BRH:0
end_of_record
